<?xml version="1.0" encoding="UTF-8"?>
<!-- Generated by org.testng.reporters.JUnitReportReporter -->
<testsuite hostname="QA-17" failures="0" tests="4" name="com.qa.luma.test.MainPageTest" time="0.073" errors="0" timestamp="2024-06-08T14:40:36 IST" skipped="0">
  <testcase classname="com.qa.luma.test.MainPageTest" name="homePageTitleTest" time="0.012"/>
  <system-out/>
  <testcase classname="com.qa.luma.test.MainPageTest" name="homePageLogoTest" time="0.022"/>
  <system-out/>
  <testcase classname="com.qa.luma.test.MainPageTest" name="homePageSignInLinkPresentTest" time="0.016"/>
  <system-out/>
  <testcase classname="com.qa.luma.test.MainPageTest" name="homePageCreateAccountLinkPresentTest" time="0.023"/>
  <system-out/>
</testsuite> <!-- com.qa.luma.test.MainPageTest -->
