<?xml version="1.0" encoding="UTF-8"?>
<!-- Generated by org.testng.reporters.JUnitReportReporter -->
<testsuite hostname="QA-17" failures="0" tests="1" name="com.qa.luma.test.AnandTest2" time="0.004" errors="0" timestamp="2024-05-17T15:07:16 IST" skipped="0">
  <testcase classname="com.qa.luma.test.AnandTest2" name="print" time="0.004"/>
  <system-out/>
</testsuite> <!-- com.qa.luma.test.AnandTest2 -->
