<?xml version="1.0" encoding="UTF-8"?>
<!-- Generated by org.testng.reporters.JUnitReportReporter -->
<testsuite hostname="QA-17" failures="0" tests="1" name="com.qa.luma.test.ShortTest" time="0.004" errors="0" timestamp="2024-05-11T15:11:26 IST" skipped="0">
  <testcase classname="com.qa.luma.test.ShortTest" name="testMe" time="0.004"/>
  <system-out/>
</testsuite> <!-- com.qa.luma.test.ShortTest -->
