<?xml version="1.0" encoding="UTF-8"?>
<!-- Generated by org.testng.reporters.JUnitReportReporter -->
<testsuite hostname="QA-17" failures="0" tests="4" name="com.qa.luma.test.CustomerLoginPageTest" time="9.575" errors="0" timestamp="2024-06-08T18:45:57 IST" skipped="0">
  <testcase classname="com.qa.luma.test.CustomerLoginPageTest" name="CustomerLoginPageTitleTest" time="0.008"/>
  <system-out/>
  <testcase classname="com.qa.luma.test.CustomerLoginPageTest" name="CustomerLoginPageSubTitleTest" time="0.017"/>
  <system-out/>
  <testcase classname="com.qa.luma.test.CustomerLoginPageTest" name="ExistanceOfForgotPasswordLink" time="0.024"/>
  <system-out/>
  <testcase classname="com.qa.luma.test.CustomerLoginPageTest" name="CustomerLoginTest" time="9.526"/>
  <system-out/>
</testsuite> <!-- com.qa.luma.test.CustomerLoginPageTest -->
