<?xml version="1.0" encoding="UTF-8"?>
<!-- Generated by org.testng.reporters.JUnitReportReporter -->
<testsuite hostname="QA-17" failures="0" tests="4" name="com.qa.luma.test.CustomerLoginPageTest" time="8.231" errors="0" timestamp="2024-06-08T14:40:36 IST" skipped="0">
  <testcase classname="com.qa.luma.test.CustomerLoginPageTest" name="CustomerLoginPageTitleTest" time="0.006"/>
  <system-out/>
  <testcase classname="com.qa.luma.test.CustomerLoginPageTest" name="CustomerLoginPageSubTitleTest" time="0.023"/>
  <system-out/>
  <testcase classname="com.qa.luma.test.CustomerLoginPageTest" name="ExistanceOfForgotPasswordLink" time="0.020"/>
  <system-out/>
  <testcase classname="com.qa.luma.test.CustomerLoginPageTest" name="CustomerLoginTest" time="8.182"/>
  <system-out/>
</testsuite> <!-- com.qa.luma.test.CustomerLoginPageTest -->
